<?xml version="1.0" encoding="UTF-8"?>
<testsuite xmlns:xsi="http://www.w3.org/2001/XMLSchema-instance" xsi:noNamespaceSchemaLocation="https://maven.apache.org/surefire/maven-surefire-plugin/xsd/surefire-test-report-3.0.xsd" version="3.0" name="CoffeeMachineUnitTest" time="29.599" tests="15" errors="0" skipped="1" failures="0">
  <properties>
    <property name="java.specification.version" value="18"/>
    <property name="sun.cpu.isalist" value="amd64"/>
    <property name="sun.jnu.encoding" value="Cp1252"/>
    <property name="java.class.path" value="B:\work\qualite logicielle\cours-maven-2023\coffee-machine\machine\target\test-classes;B:\work\qualite logicielle\cours-maven-2023\coffee-machine\machine\target\classes;C:\Users\tmmot\.m2\repository\fr\imt\cours\storage\storage\1.0-SNAPSHOT\storage-1.0-SNAPSHOT.jar;C:\Users\tmmot\.m2\repository\org\junit\jupiter\junit-jupiter-api\5.9.1\junit-jupiter-api-5.9.1.jar;C:\Users\tmmot\.m2\repository\org\opentest4j\opentest4j\1.2.0\opentest4j-1.2.0.jar;C:\Users\tmmot\.m2\repository\org\junit\platform\junit-platform-commons\1.9.1\junit-platform-commons-1.9.1.jar;C:\Users\tmmot\.m2\repository\org\apiguardian\apiguardian-api\1.1.2\apiguardian-api-1.1.2.jar;C:\Users\tmmot\.m2\repository\org\junit\vintage\junit-vintage-engine\5.9.1\junit-vintage-engine-5.9.1.jar;C:\Users\tmmot\.m2\repository\org\junit\platform\junit-platform-engine\1.9.1\junit-platform-engine-1.9.1.jar;C:\Users\tmmot\.m2\repository\junit\junit\4.13.2\junit-4.13.2.jar;C:\Users\tmmot\.m2\repository\org\hamcrest\hamcrest-core\1.3\hamcrest-core-1.3.jar;C:\Users\tmmot\.m2\repository\org\mockito\mockito-core\4.8.0\mockito-core-4.8.0.jar;C:\Users\tmmot\.m2\repository\net\bytebuddy\byte-buddy\1.12.14\byte-buddy-1.12.14.jar;C:\Users\tmmot\.m2\repository\net\bytebuddy\byte-buddy-agent\1.12.14\byte-buddy-agent-1.12.14.jar;C:\Users\tmmot\.m2\repository\org\objenesis\objenesis\3.2\objenesis-3.2.jar;C:\Users\tmmot\.m2\repository\org\hamcrest\hamcrest\2.2\hamcrest-2.2.jar;C:\Users\tmmot\.m2\repository\io\cucumber\cucumber-java\7.8.1\cucumber-java-7.8.1.jar;C:\Users\tmmot\.m2\repository\io\cucumber\cucumber-core\7.8.1\cucumber-core-7.8.1.jar;C:\Users\tmmot\.m2\repository\io\cucumber\cucumber-gherkin\7.8.1\cucumber-gherkin-7.8.1.jar;C:\Users\tmmot\.m2\repository\io\cucumber\cucumber-gherkin-messages\7.8.1\cucumber-gherkin-messages-7.8.1.jar;C:\Users\tmmot\.m2\repository\io\cucumber\gherkin\24.0.0\gherkin-24.0.0.jar;C:\Users\tmmot\.m2\repository\io\cucumber\messages\19.1.4\messages-19.1.4.jar;C:\Users\tmmot\.m2\repository\io\cucumber\tag-expressions\4.1.0\tag-expressions-4.1.0.jar;C:\Users\tmmot\.m2\repository\io\cucumber\cucumber-expressions\16.0.0\cucumber-expressions-16.0.0.jar;C:\Users\tmmot\.m2\repository\io\cucumber\datatable\7.8.1\datatable-7.8.1.jar;C:\Users\tmmot\.m2\repository\io\cucumber\cucumber-plugin\7.8.1\cucumber-plugin-7.8.1.jar;C:\Users\tmmot\.m2\repository\io\cucumber\docstring\7.8.1\docstring-7.8.1.jar;C:\Users\tmmot\.m2\repository\io\cucumber\html-formatter\20.1.0\html-formatter-20.1.0.jar;C:\Users\tmmot\.m2\repository\io\cucumber\ci-environment\9.1.0\ci-environment-9.1.0.jar;C:\Users\tmmot\.m2\repository\io\cucumber\cucumber-junit\7.8.1\cucumber-junit-7.8.1.jar;C:\Users\tmmot\.m2\repository\org\apache\logging\log4j\log4j-api\2.22.0\log4j-api-2.22.0.jar;C:\Users\tmmot\.m2\repository\org\apache\logging\log4j\log4j-core\2.22.0\log4j-core-2.22.0.jar;"/>
    <property name="java.vm.vendor" value="Oracle Corporation"/>
    <property name="sun.arch.data.model" value="64"/>
    <property name="user.variant" value=""/>
    <property name="java.vendor.url" value="https://java.oracle.com/"/>
    <property name="user.timezone" value="Europe/Paris"/>
    <property name="os.name" value="Windows 10"/>
    <property name="java.vm.specification.version" value="18"/>
    <property name="sun.java.launcher" value="SUN_STANDARD"/>
    <property name="user.country" value="FR"/>
    <property name="sun.boot.library.path" value="C:\Program Files\Java\jdk-18.0.2.1\bin"/>
    <property name="sun.java.command" value="C:\Users\tmmot\AppData\Local\Temp\surefire14315358587938930209\surefirebooter-20231212233930525_3.jar C:\Users\tmmot\AppData\Local\Temp\surefire14315358587938930209 2023-12-12T23-39-30_089-jvmRun1 surefire-20231212233930525_1tmp surefire_0-20231212233930525_2tmp"/>
    <property name="jdk.debug" value="release"/>
    <property name="surefire.test.class.path" value="B:\work\qualite logicielle\cours-maven-2023\coffee-machine\machine\target\test-classes;B:\work\qualite logicielle\cours-maven-2023\coffee-machine\machine\target\classes;C:\Users\tmmot\.m2\repository\fr\imt\cours\storage\storage\1.0-SNAPSHOT\storage-1.0-SNAPSHOT.jar;C:\Users\tmmot\.m2\repository\org\junit\jupiter\junit-jupiter-api\5.9.1\junit-jupiter-api-5.9.1.jar;C:\Users\tmmot\.m2\repository\org\opentest4j\opentest4j\1.2.0\opentest4j-1.2.0.jar;C:\Users\tmmot\.m2\repository\org\junit\platform\junit-platform-commons\1.9.1\junit-platform-commons-1.9.1.jar;C:\Users\tmmot\.m2\repository\org\apiguardian\apiguardian-api\1.1.2\apiguardian-api-1.1.2.jar;C:\Users\tmmot\.m2\repository\org\junit\vintage\junit-vintage-engine\5.9.1\junit-vintage-engine-5.9.1.jar;C:\Users\tmmot\.m2\repository\org\junit\platform\junit-platform-engine\1.9.1\junit-platform-engine-1.9.1.jar;C:\Users\tmmot\.m2\repository\junit\junit\4.13.2\junit-4.13.2.jar;C:\Users\tmmot\.m2\repository\org\hamcrest\hamcrest-core\1.3\hamcrest-core-1.3.jar;C:\Users\tmmot\.m2\repository\org\mockito\mockito-core\4.8.0\mockito-core-4.8.0.jar;C:\Users\tmmot\.m2\repository\net\bytebuddy\byte-buddy\1.12.14\byte-buddy-1.12.14.jar;C:\Users\tmmot\.m2\repository\net\bytebuddy\byte-buddy-agent\1.12.14\byte-buddy-agent-1.12.14.jar;C:\Users\tmmot\.m2\repository\org\objenesis\objenesis\3.2\objenesis-3.2.jar;C:\Users\tmmot\.m2\repository\org\hamcrest\hamcrest\2.2\hamcrest-2.2.jar;C:\Users\tmmot\.m2\repository\io\cucumber\cucumber-java\7.8.1\cucumber-java-7.8.1.jar;C:\Users\tmmot\.m2\repository\io\cucumber\cucumber-core\7.8.1\cucumber-core-7.8.1.jar;C:\Users\tmmot\.m2\repository\io\cucumber\cucumber-gherkin\7.8.1\cucumber-gherkin-7.8.1.jar;C:\Users\tmmot\.m2\repository\io\cucumber\cucumber-gherkin-messages\7.8.1\cucumber-gherkin-messages-7.8.1.jar;C:\Users\tmmot\.m2\repository\io\cucumber\gherkin\24.0.0\gherkin-24.0.0.jar;C:\Users\tmmot\.m2\repository\io\cucumber\messages\19.1.4\messages-19.1.4.jar;C:\Users\tmmot\.m2\repository\io\cucumber\tag-expressions\4.1.0\tag-expressions-4.1.0.jar;C:\Users\tmmot\.m2\repository\io\cucumber\cucumber-expressions\16.0.0\cucumber-expressions-16.0.0.jar;C:\Users\tmmot\.m2\repository\io\cucumber\datatable\7.8.1\datatable-7.8.1.jar;C:\Users\tmmot\.m2\repository\io\cucumber\cucumber-plugin\7.8.1\cucumber-plugin-7.8.1.jar;C:\Users\tmmot\.m2\repository\io\cucumber\docstring\7.8.1\docstring-7.8.1.jar;C:\Users\tmmot\.m2\repository\io\cucumber\html-formatter\20.1.0\html-formatter-20.1.0.jar;C:\Users\tmmot\.m2\repository\io\cucumber\ci-environment\9.1.0\ci-environment-9.1.0.jar;C:\Users\tmmot\.m2\repository\io\cucumber\cucumber-junit\7.8.1\cucumber-junit-7.8.1.jar;C:\Users\tmmot\.m2\repository\org\apache\logging\log4j\log4j-api\2.22.0\log4j-api-2.22.0.jar;C:\Users\tmmot\.m2\repository\org\apache\logging\log4j\log4j-core\2.22.0\log4j-core-2.22.0.jar;"/>
    <property name="sun.cpu.endian" value="little"/>
    <property name="user.home" value="C:\Users\tmmot"/>
    <property name="user.language" value="fr"/>
    <property name="java.specification.vendor" value="Oracle Corporation"/>
    <property name="java.version.date" value="2022-08-18"/>
    <property name="java.home" value="C:\Program Files\Java\jdk-18.0.2.1"/>
    <property name="file.separator" value="\"/>
    <property name="basedir" value="B:\work\qualite logicielle\cours-maven-2023\coffee-machine\machine"/>
    <property name="java.vm.compressedOopsMode" value="Zero based"/>
    <property name="line.separator" value="&#10;"/>
    <property name="java.vm.specification.vendor" value="Oracle Corporation"/>
    <property name="java.specification.name" value="Java Platform API Specification"/>
    <property name="surefire.real.class.path" value="C:\Users\tmmot\AppData\Local\Temp\surefire14315358587938930209\surefirebooter-20231212233930525_3.jar"/>
    <property name="user.script" value=""/>
    <property name="sun.management.compiler" value="HotSpot 64-Bit Tiered Compilers"/>
    <property name="java.runtime.version" value="18.0.2.1+1-1"/>
    <property name="user.name" value="tmmot"/>
    <property name="path.separator" value=";"/>
    <property name="os.version" value="10.0"/>
    <property name="java.runtime.name" value="Java(TM) SE Runtime Environment"/>
    <property name="file.encoding" value="UTF-8"/>
    <property name="java.vm.name" value="Java HotSpot(TM) 64-Bit Server VM"/>
    <property name="localRepository" value="C:\Users\tmmot\.m2\repository"/>
    <property name="java.vendor.url.bug" value="https://bugreport.java.com/bugreport/"/>
    <property name="java.io.tmpdir" value="C:\Users\tmmot\AppData\Local\Temp\"/>
    <property name="idea.version" value="2023.3"/>
    <property name="java.version" value="18.0.2.1"/>
    <property name="user.dir" value="B:\work\qualite logicielle\cours-maven-2023\coffee-machine\machine"/>
    <property name="os.arch" value="amd64"/>
    <property name="java.vm.specification.name" value="Java Virtual Machine Specification"/>
    <property name="sun.os.patch.level" value=""/>
    <property name="native.encoding" value="Cp1252"/>
    <property name="java.library.path" value="C:\Program Files\Java\jdk-18.0.2.1\bin;C:\Windows\Sun\Java\bin;C:\Windows\system32;C:\Windows;C:\Program Files\Java\jdk-18.0.2.1\bin;C:\Program Files\Common Files\Oracle\Java\javapath;C:\Python312\Scripts\;C:\Python312\;C:\Windows\system32;C:\Windows;C:\Windows\System32\Wbem;C:\Windows\System32\WindowsPowerShell\v1.0\;C:\Windows\System32\OpenSSH\;C:\Program Files\nodejs\;C:\ProgramData\chocolatey\bin;C:\Program Files\NVIDIA Corporation\NVIDIA NvDLISR;B:\maven\apache-maven-3.8.8\bin;C:\Program Files\Git\cmd;C:\MinGW\bin;C:\Program Files\MySQL\MySQL Shell 8.0\bin\;C:\Users\tmmot\AppData\Local\Microsoft\WindowsApps;C:\Users\tmmot\AppData\Roaming\npm;C:\Users\tmmot\AppData\Local\Programs\Microsoft VS Code\bin;B:\IntelliJ\IntelliJ IDEA Community Edition 2023.3\bin;;."/>
    <property name="java.vm.info" value="mixed mode, sharing"/>
    <property name="java.vendor" value="Oracle Corporation"/>
    <property name="java.vm.version" value="18.0.2.1+1-1"/>
    <property name="sun.io.unicode.encoding" value="UnicodeLittle"/>
    <property name="java.class.version" value="62.0"/>
  </properties>
  <testcase name="" classname="CoffeeMachineUnitTest" time="0">
    <skipped/>
  </testcase>
  <testcase name="TestMakeCoffeeAndLackOfWater" classname="CoffeeMachineUnitTest" time="1.94"/>
  <testcase name="testMachineFailureTrue" classname="CoffeeMachineUnitTest" time="0.138"/>
  <testcase name="testMakeACoffeeCremaException" classname="CoffeeMachineUnitTest" time="0.087"/>
  <testcase name="TestToString" classname="CoffeeMachineUnitTest" time="0.026"/>
  <testcase name="TestAddCoffeeBeanTank" classname="CoffeeMachineUnitTest" time="0"/>
  <testcase name="TestMakeCoffeeAndMachineUnplugged" classname="CoffeeMachineUnitTest" time="0.006"/>
  <testcase name="testPlugMachine" classname="CoffeeMachineUnitTest" time="0"/>
  <testcase name="testMakeACoffeeInCup" classname="CoffeeMachineUnitTest" time="8.999"/>
  <testcase name="testMakeACoffeeInMug" classname="CoffeeMachineUnitTest" time="18.317"/>
  <testcase name="testMakeACoffeeDifferentCoffeeTypeException" classname="CoffeeMachineUnitTest" time="0.005"/>
  <testcase name="TestChangeNbCoffeeMade" classname="CoffeeMachineUnitTest" time="0.002"/>
  <testcase name="testMakeACoffeeCupNotEmptyException" classname="CoffeeMachineUnitTest" time="0.004"/>
  <testcase name="testMachineFailureFalse" classname="CoffeeMachineUnitTest" time="0.002"/>
  <testcase name="testMakeACoffeeOutOfOrderException" classname="CoffeeMachineUnitTest" time="0.003"/>
</testsuite>